<?xml version="1.0" encoding="utf-8"?><testsuites name="pytest tests"><testsuite name="pytest" errors="0" failures="0" skipped="0" tests="5" time="1.148" timestamp="2026-09-23T21:04:42.087910+00:00" hostname="agent-env-7e470073-7838-4b84-8cbe-2c775cadad52"><testcase classname="tests.test_fragua_backend" name="test_root" time="0.247" /><testcase classname="tests.test_fragua_backend" name="test_create_contact_and_persist" time="0.136" /><testcase classname="tests.test_fragua_backend" name="test_contact_invalid_email" time="0.071" /><testcase classname="tests.test_fragua_backend" name="test_contact_missing_required" time="0.074" /><testcase classname="tests.test_fragua_backend" name="test_contact_optional_defaults" time="0.071" /></testsuite></testsuites>